Fri Dec  6 16:07:46 2019
+-----------------------------------------------------------------------------+
| NVIDIA-SMI 418.67       Driver Version: 418.67       CUDA Version: 10.1     |
|-------------------------------+----------------------+----------------------+
| GPU  Name        Persistence-M| Bus-Id        Disp.A | Volatile Uncorr. ECC |
| Fan  Temp  Perf  Pwr:Usage/Cap|         Memory-Usage | GPU-Util  Compute M. |
|===============================+======================+======================|
|   0  Tesla V100-SXM2...  On   | 00000000:06:00.0 Off |                    0 |
| N/A   39C    P0    67W / 300W |  12021MiB / 16130MiB |      0%      Default |
+-------------------------------+----------------------+----------------------+

+-----------------------------------------------------------------------------+
| Processes:                                                       GPU Memory |
|  GPU       PID   Type   Process name                             Usage      |
|=============================================================================|
|    0     23580      C   python                                      1501MiB |
|    0     24340      C   python                                      1501MiB |
|    0     24547      C   python                                      1501MiB |
|    0     24675      C   python                                      1501MiB |
|    0     24684      C   python                                      1501MiB |
|    0     24970      C   python                                      1501MiB |
|    0     24973      C   python                                      1501MiB |
|    0     25058      C   python                                      1501MiB |
+-----------------------------------------------------------------------------+
